[2025-09-20 14:04:06] [INFO] شروع اسکن لاگ‌های اخیر {"traceId":"scan-1758364446295","minutes":70}
[2025-09-20 14:04:06] [INFO] خواندن لاگ‌ها {"found":181,"took":"10ms"}
[2025-09-20 14:04:06] [INFO] باندل‌سازی خطاها {"bundles":2,"took":"0ms"}
[2025-09-20 14:04:06] [INFO] پایان اسکن خطاها {"traceId":"scan-1758364446295","scanned":181,"bundles":2,"handled":0,"sent":0,"total":"57ms"}
[2025-09-20 14:04:28] [INFO] [2025-09-20 14:04:28] ✓ run=2025-09-20:1758364446394 sent
[2025-09-20 15:04:28] [INFO] شروع اسکن لاگ‌های اخیر {"traceId":"scan-1758368068430","minutes":70}
[2025-09-20 15:04:28] [INFO] خواندن لاگ‌ها {"found":64,"took":"16ms"}
[2025-09-20 15:04:28] [INFO] باندل‌سازی خطاها {"bundles":0,"took":"1ms"}
[2025-09-20 15:04:28] [INFO] پایان اسکن خطاها {"traceId":"scan-1758368068430","scanned":64,"bundles":0,"handled":0,"sent":0,"total":"33ms"}
[2025-09-20 15:04:28] [INFO] [2025-09-20 15:04:28] skipped: no significant change
[2025-09-20 15:20:19] [INFO] شروع اسکن لاگ‌های اخیر {"traceId":"scan-1758369019923","minutes":70}
[2025-09-20 15:20:19] [INFO] خواندن لاگ‌ها {"found":26,"took":"8ms"}
[2025-09-20 15:20:19] [INFO] باندل‌سازی خطاها {"bundles":0,"took":"0ms"}
[2025-09-20 15:20:19] [INFO] پایان اسکن خطاها {"traceId":"scan-1758369019923","scanned":26,"bundles":0,"handled":0,"sent":0,"total":"33ms"}
[2025-09-20 15:20:19] [INFO] [2025-09-20 15:20:19] skipped: no significant change
[2025-09-20 15:23:00] [INFO] شروع اسکن لاگ‌های اخیر {"traceId":"scan-1758369180484","minutes":70}
[2025-09-20 15:23:00] [INFO] خواندن لاگ‌ها {"found":31,"took":"11ms"}
[2025-09-20 15:23:00] [INFO] باندل‌سازی خطاها {"bundles":0,"took":"0ms"}
[2025-09-20 15:23:00] [INFO] پایان اسکن خطاها {"traceId":"scan-1758369180484","scanned":31,"bundles":0,"handled":0,"sent":0,"total":"42ms"}
[2025-09-20 15:23:00] [INFO] [2025-09-20 15:23:00] skipped: no significant change
[2025-09-20 15:24:57] [INFO] شروع اسکن لاگ‌های اخیر {"traceId":"scan-1758369297541","minutes":70}
[2025-09-20 15:24:57] [INFO] خواندن لاگ‌ها {"found":36,"took":"8ms"}
[2025-09-20 15:24:57] [INFO] باندل‌سازی خطاها {"bundles":0,"took":"0ms"}
[2025-09-20 15:24:57] [INFO] پایان اسکن خطاها {"traceId":"scan-1758369297541","scanned":36,"bundles":0,"handled":0,"sent":0,"total":"38ms"}
[2025-09-20 15:24:57] [INFO] [2025-09-20 15:24:57] skipped: no significant change
[2025-09-20 15:26:47] [INFO] شروع اسکن لاگ‌های اخیر {"traceId":"scan-1758369407004","minutes":70}
[2025-09-20 15:26:47] [INFO] خواندن لاگ‌ها {"found":38,"took":"8ms"}
[2025-09-20 15:26:47] [INFO] باندل‌سازی خطاها {"bundles":0,"took":"1ms"}
[2025-09-20 15:26:47] [INFO] پایان اسکن خطاها {"traceId":"scan-1758369407004","scanned":38,"bundles":0,"handled":0,"sent":0,"total":"35ms"}
[2025-09-20 15:26:47] [INFO] [2025-09-20 15:26:47] skipped: no significant change
[2025-09-20 16:26:47] [INFO] شروع اسکن لاگ‌های اخیر {"traceId":"scan-1758373007052","minutes":70}
[2025-09-20 16:26:47] [INFO] خواندن لاگ‌ها {"found":31,"took":"11ms"}
[2025-09-20 16:26:47] [INFO] باندل‌سازی خطاها {"bundles":0,"took":"0ms"}
[2025-09-20 16:26:47] [INFO] پایان اسکن خطاها {"traceId":"scan-1758373007052","scanned":31,"bundles":0,"handled":0,"sent":0,"total":"18ms"}
[2025-09-20 16:26:47] [INFO] [2025-09-20 16:26:47] skipped: no significant change
[2025-09-20 17:26:47] [INFO] شروع اسکن لاگ‌های اخیر {"traceId":"scan-1758376607051","minutes":70}
[2025-09-20 17:26:47] [INFO] خواندن لاگ‌ها {"found":90,"took":"23ms"}
[2025-09-20 17:26:47] [INFO] باندل‌سازی خطاها {"bundles":0,"took":"0ms"}
[2025-09-20 17:26:47] [INFO] پایان اسکن خطاها {"traceId":"scan-1758376607051","scanned":90,"bundles":0,"handled":0,"sent":0,"total":"36ms"}
[2025-09-20 17:27:12] [INFO] [2025-09-20 17:27:12] ✓ run=2025-09-20:1758376607139 sent
[2025-09-20 18:26:47] [INFO] شروع اسکن لاگ‌های اخیر {"traceId":"scan-1758380207052","minutes":70}
[2025-09-20 18:26:47] [INFO] خواندن لاگ‌ها {"found":48,"took":"11ms"}
[2025-09-20 18:26:47] [INFO] باندل‌سازی خطاها {"bundles":0,"took":"0ms"}
[2025-09-20 18:26:47] [INFO] پایان اسکن خطاها {"traceId":"scan-1758380207052","scanned":48,"bundles":0,"handled":0,"sent":0,"total":"16ms"}
[2025-09-20 18:27:08] [INFO] [2025-09-20 18:27:08] ✓ run=2025-09-20:1758380207109 sent
[2025-09-20 19:26:47] [INFO] شروع اسکن لاگ‌های اخیر {"traceId":"scan-1758383807052","minutes":70}
[2025-09-20 19:26:47] [INFO] خواندن لاگ‌ها {"found":92,"took":"9ms"}
[2025-09-20 19:26:47] [INFO] باندل‌سازی خطاها {"bundles":0,"took":"0ms"}
[2025-09-20 19:26:47] [INFO] پایان اسکن خطاها {"traceId":"scan-1758383807052","scanned":92,"bundles":0,"handled":0,"sent":0,"total":"13ms"}
[2025-09-20 19:27:16] [INFO] [2025-09-20 19:27:16] ✓ run=2025-09-20:1758383807085 sent
[2025-09-20 20:26:47] [INFO] شروع اسکن لاگ‌های اخیر {"traceId":"scan-1758387407053","minutes":70}
[2025-09-20 20:26:47] [INFO] خواندن لاگ‌ها {"found":82,"took":"10ms"}
[2025-09-20 20:26:47] [INFO] باندل‌سازی خطاها {"bundles":0,"took":"0ms"}
[2025-09-20 20:26:47] [INFO] پایان اسکن خطاها {"traceId":"scan-1758387407053","scanned":82,"bundles":0,"handled":0,"sent":0,"total":"27ms"}
[2025-09-20 20:27:18] [INFO] [2025-09-20 20:27:18] ✓ run=2025-09-20:1758387407116 sent
[2025-09-20 21:26:47] [INFO] شروع اسکن لاگ‌های اخیر {"traceId":"scan-1758391007051","minutes":70}
[2025-09-20 21:26:47] [INFO] خواندن لاگ‌ها {"found":111,"took":"20ms"}
[2025-09-20 21:26:47] [INFO] باندل‌سازی خطاها {"bundles":1,"took":"1ms"}
[2025-09-20 21:26:47] [INFO] ثبت ضدتکرار خطا {"stepId":"scan-1758391007051#1","errorId":"66228319"}
[2025-09-20 21:26:47] [INFO] مکان خطا استخراج شد {"stepId":"scan-1758391007051#1","file":"-","line":"-","took":"1ms"}
[2025-09-20 21:26:52] [INFO] AI تحلیل شد {"stepId":"scan-1758391007051#1","tokens_in":2177,"tokens_out":123,"took":"5590ms"}
[2025-09-20 21:26:52] [INFO] ذخیره rahin_error_insights انجام شد {"stepId":"scan-1758391007051#1","took":"1ms"}
[2025-09-20 21:26:52] [INFO] پردازش خطا پایان یافت {"stepId":"scan-1758391007051#1","took":"5601ms"}
[2025-09-20 21:26:52] [INFO] پایان اسکن خطاها {"traceId":"scan-1758391007051","scanned":111,"bundles":1,"handled":1,"sent":0,"total":"5631ms"}
[2025-09-20 21:26:52] [INFO] [2025-09-20 21:26:52] skipped: no significant change
[2025-09-20 22:26:47] [INFO] شروع اسکن لاگ‌های اخیر {"traceId":"scan-1758394607053","minutes":70}
[2025-09-20 22:26:47] [INFO] خواندن لاگ‌ها {"found":47,"took":"11ms"}
[2025-09-20 22:26:47] [INFO] باندل‌سازی خطاها {"bundles":0,"took":"0ms"}
[2025-09-20 22:26:47] [INFO] پایان اسکن خطاها {"traceId":"scan-1758394607053","scanned":47,"bundles":0,"handled":0,"sent":0,"total":"16ms"}
[2025-09-20 22:26:47] [INFO] [2025-09-20 22:26:47] skipped: no significant change
[2025-09-20 23:26:47] [INFO] شروع اسکن لاگ‌های اخیر {"traceId":"scan-1758398207056","minutes":70}
[2025-09-20 23:26:47] [INFO] خواندن لاگ‌ها {"found":61,"took":"13ms"}
[2025-09-20 23:26:47] [INFO] باندل‌سازی خطاها {"bundles":1,"took":"0ms"}
[2025-09-20 23:26:47] [INFO] ثبت ضدتکرار خطا {"stepId":"scan-1758398207056#1","errorId":"0844503e"}
[2025-09-20 23:26:47] [INFO] مکان خطا استخراج شد {"stepId":"scan-1758398207056#1","file":"-","line":"-","took":"0ms"}
[2025-09-20 23:26:51] [INFO] AI تحلیل شد {"stepId":"scan-1758398207056#1","tokens_in":2886,"tokens_out":132,"took":"4841ms"}
[2025-09-20 23:26:51] [INFO] ذخیره rahin_error_insights انجام شد {"stepId":"scan-1758398207056#1","took":"12ms"}
[2025-09-20 23:26:51] [INFO] پردازش خطا پایان یافت {"stepId":"scan-1758398207056#1","took":"4861ms"}
[2025-09-20 23:26:51] [INFO] پایان اسکن خطاها {"traceId":"scan-1758398207056","scanned":61,"bundles":1,"handled":1,"sent":0,"total":"4882ms"}
[2025-09-20 23:26:51] [INFO] [2025-09-20 23:26:51] skipped: no significant change
[2025-09-21 00:26:47] [INFO] شروع اسکن لاگ‌های اخیر {"traceId":"scan-1758401807055","minutes":70}
[2025-09-21 00:26:47] [INFO] خواندن لاگ‌ها {"found":10,"took":"12ms"}
[2025-09-21 00:26:47] [INFO] باندل‌سازی خطاها {"bundles":0,"took":"0ms"}
[2025-09-21 00:26:47] [INFO] پایان اسکن خطاها {"traceId":"scan-1758401807055","scanned":10,"bundles":0,"handled":0,"sent":0,"total":"18ms"}
[2025-09-21 00:27:28] [INFO] [2025-09-21 00:27:28] ✓ run=2025-09-21:1758401807095 sent
[2025-09-21 01:26:47] [INFO] شروع اسکن لاگ‌های اخیر {"traceId":"scan-1758405407056","minutes":70}
[2025-09-21 01:26:47] [INFO] خواندن لاگ‌ها {"found":0,"took":"11ms"}
[2025-09-21 01:26:47] [INFO] هیچ خطی در بازه یافت نشد. پایان. {"traceId":"scan-1758405407056"}
[2025-09-21 01:26:47] [INFO] [2025-09-21 01:26:47] skipped: no significant change
[2025-09-21 02:26:47] [INFO] شروع اسکن لاگ‌های اخیر {"traceId":"scan-1758409007055","minutes":70}
[2025-09-21 02:26:47] [INFO] خواندن لاگ‌ها {"found":0,"took":"22ms"}
[2025-09-21 02:26:47] [INFO] هیچ خطی در بازه یافت نشد. پایان. {"traceId":"scan-1758409007055"}
[2025-09-21 02:26:47] [INFO] [2025-09-21 02:26:47] skipped: no significant change
[2025-09-21 03:26:47] [INFO] شروع اسکن لاگ‌های اخیر {"traceId":"scan-1758412607053","minutes":70}
[2025-09-21 03:26:47] [INFO] خواندن لاگ‌ها {"found":0,"took":"20ms"}
[2025-09-21 03:26:47] [INFO] هیچ خطی در بازه یافت نشد. پایان. {"traceId":"scan-1758412607053"}
[2025-09-21 03:26:47] [INFO] [2025-09-21 03:26:47] skipped: no significant change
[2025-09-21 04:26:47] [INFO] شروع اسکن لاگ‌های اخیر {"traceId":"scan-1758416207058","minutes":70}
[2025-09-21 04:26:47] [INFO] خواندن لاگ‌ها {"found":5,"took":"40ms"}
[2025-09-21 04:26:47] [INFO] باندل‌سازی خطاها {"bundles":0,"took":"0ms"}
[2025-09-21 04:26:47] [INFO] پایان اسکن خطاها {"traceId":"scan-1758416207058","scanned":5,"bundles":0,"handled":0,"sent":0,"total":"68ms"}
[2025-09-21 04:26:47] [INFO] [2025-09-21 04:26:47] skipped: no significant change
[2025-09-21 05:26:47] [INFO] شروع اسکن لاگ‌های اخیر {"traceId":"scan-1758419807057","minutes":70}
[2025-09-21 05:26:47] [INFO] خواندن لاگ‌ها {"found":6,"took":"20ms"}
[2025-09-21 05:26:47] [INFO] باندل‌سازی خطاها {"bundles":0,"took":"0ms"}
[2025-09-21 05:26:47] [INFO] پایان اسکن خطاها {"traceId":"scan-1758419807057","scanned":6,"bundles":0,"handled":0,"sent":0,"total":"30ms"}
[2025-09-21 05:26:47] [INFO] [2025-09-21 05:26:47] skipped: no significant change
[2025-09-21 06:26:47] [INFO] شروع اسکن لاگ‌های اخیر {"traceId":"scan-1758423407057","minutes":70}
[2025-09-21 06:26:47] [INFO] خواندن لاگ‌ها {"found":6,"took":"8ms"}
[2025-09-21 06:26:47] [INFO] باندل‌سازی خطاها {"bundles":0,"took":"0ms"}
[2025-09-21 06:26:47] [INFO] پایان اسکن خطاها {"traceId":"scan-1758423407057","scanned":6,"bundles":0,"handled":0,"sent":0,"total":"17ms"}
[2025-09-21 06:27:13] [INFO] [2025-09-21 06:27:13] ✓ run=2025-09-21:1758423407152 sent
[2025-09-21 07:26:47] [INFO] شروع اسکن لاگ‌های اخیر {"traceId":"scan-1758427007060","minutes":70}
[2025-09-21 07:26:47] [INFO] خواندن لاگ‌ها {"found":20,"took":"9ms"}
[2025-09-21 07:26:47] [INFO] باندل‌سازی خطاها {"bundles":0,"took":"0ms"}
[2025-09-21 07:26:47] [INFO] پایان اسکن خطاها {"traceId":"scan-1758427007060","scanned":20,"bundles":0,"handled":0,"sent":0,"total":"14ms"}
[2025-09-21 07:27:21] [INFO] [2025-09-21 07:27:21] ✓ run=2025-09-21:1758427007093 sent
[2025-09-21 07:50:54] [INFO] شروع اسکن لاگ‌های اخیر {"traceId":"scan-1758428454782","minutes":70}
[2025-09-21 07:50:54] [INFO] خواندن لاگ‌ها {"found":20,"took":"12ms"}
[2025-09-21 07:50:54] [INFO] باندل‌سازی خطاها {"bundles":0,"took":"0ms"}
[2025-09-21 07:50:54] [INFO] پایان اسکن خطاها {"traceId":"scan-1758428454782","scanned":20,"bundles":0,"handled":0,"sent":0,"total":"91ms"}
[2025-09-21 07:51:24] [INFO] [2025-09-21 07:51:24] ✓ run=2025-09-21:1758428454939 sent
[2025-09-21 08:01:59] [INFO] شروع اسکن لاگ‌های اخیر {"traceId":"scan-1758429119145","minutes":70}
[2025-09-21 08:01:59] [INFO] خواندن لاگ‌ها {"found":25,"took":"13ms"}
[2025-09-21 08:01:59] [INFO] باندل‌سازی خطاها {"bundles":0,"took":"0ms"}
[2025-09-21 08:01:59] [INFO] پایان اسکن خطاها {"traceId":"scan-1758429119145","scanned":25,"bundles":0,"handled":0,"sent":0,"total":"43ms"}
[2025-09-21 08:01:59] [INFO] [2025-09-21 08:01:59] skipped: no significant change
[2025-09-21 09:01:59] [INFO] شروع اسکن لاگ‌های اخیر {"traceId":"scan-1758432719207","minutes":70}
[2025-09-21 09:01:59] [INFO] خواندن لاگ‌ها {"found":49,"took":"13ms"}
[2025-09-21 09:01:59] [INFO] باندل‌سازی خطاها {"bundles":0,"took":"2ms"}
[2025-09-21 09:01:59] [INFO] پایان اسکن خطاها {"traceId":"scan-1758432719207","scanned":49,"bundles":0,"handled":0,"sent":0,"total":"21ms"}
[2025-09-21 09:02:36] [INFO] [2025-09-21 09:02:36] ✓ run=2025-09-21:1758432719287 sent
[2025-09-21 09:17:59] [INFO] شروع اسکن لاگ‌های اخیر {"traceId":"scan-1758433679597","minutes":70}
[2025-09-21 09:17:59] [INFO] خواندن لاگ‌ها {"found":83,"took":"9ms"}
[2025-09-21 09:17:59] [INFO] باندل‌سازی خطاها {"bundles":0,"took":"0ms"}
[2025-09-21 09:17:59] [INFO] پایان اسکن خطاها {"traceId":"scan-1758433679597","scanned":83,"bundles":0,"handled":0,"sent":0,"total":"35ms"}
[2025-09-21 09:18:45] [INFO] [2025-09-21 09:18:45] ✓ run=2025-09-21:1758433679663 sent
[2025-09-21 10:18:45] [INFO] شروع اسکن لاگ‌های اخیر {"traceId":"scan-1758437325537","minutes":70}
[2025-09-21 10:18:45] [INFO] خواندن لاگ‌ها {"found":192,"took":"14ms"}
[2025-09-21 10:18:45] [INFO] باندل‌سازی خطاها {"bundles":1,"took":"0ms"}
[2025-09-21 10:18:45] [INFO] ثبت ضدتکرار خطا {"stepId":"scan-1758437325537#1","errorId":"795cabb4"}
[2025-09-21 10:18:45] [WARN] مکان خطا نامشخص بود؛ از fallback استفاده شد {"stepId":"scan-1758437325537#1","extracted_file":null,"extracted_line":null,"fallback_file":"C:\\Users\\Administrator\\Desktop\\Projects\\AtighgashtAI\\logs\\2025-09-21.log","sample":"[2025-09-21 09:22:41] [ERROR] conversation_id تهی است. اینسرت متوقف شد. | novinhub.js:437 | args=conversation_id تهی است. اینسرت متوقف شد."}
[2025-09-21 10:18:45] [INFO] مکان خطا استخراج شد {"stepId":"scan-1758437325537#1","file":"-","line":"-","took":"4ms"}
[2025-09-21 10:18:47] [INFO] AI تحلیل شد {"stepId":"scan-1758437325537#1","tokens_in":1306,"tokens_out":125,"took":"2308ms"}
[2025-09-21 10:18:47] [INFO] ذخیره rahin_error_insights انجام شد {"stepId":"scan-1758437325537#1","filePath":"C:\\Users\\Administrator\\Desktop\\Projects\\AtighgashtAI\\logs\\2025-09-21.log","lineNo":-1,"took":"5ms"}
[2025-09-21 10:18:47] [INFO] پردازش خطا پایان یافت {"stepId":"scan-1758437325537#1","took":"2323ms"}
[2025-09-21 10:18:47] [INFO] پایان اسکن خطاها {"traceId":"scan-1758437325537","scanned":192,"bundles":1,"handled":1,"sent":0,"total":"2345ms"}
[2025-09-21 10:19:27] [INFO] [2025-09-21 10:19:27] ✓ run=2025-09-21:1758437327941 sent
[2025-09-21 11:18:45] [INFO] شروع اسکن لاگ‌های اخیر {"traceId":"scan-1758440925537","minutes":70}
[2025-09-21 11:18:45] [INFO] خواندن لاگ‌ها {"found":222,"took":"14ms"}
[2025-09-21 11:18:45] [INFO] باندل‌سازی خطاها {"bundles":1,"took":"0ms"}
[2025-09-21 11:18:45] [INFO] ثبت ضدتکرار خطا {"stepId":"scan-1758440925537#1","errorId":"395e4896"}
[2025-09-21 11:18:45] [WARN] مکان خطا نامشخص بود؛ از fallback استفاده شد {"stepId":"scan-1758440925537#1","extracted_file":null,"extracted_line":null,"fallback_file":"C:\\Users\\Administrator\\Desktop\\Projects\\AtighgashtAI\\logs\\2025-09-21.log","sample":"[2025-09-21 10:18:45] [WARN] مکان خطا نامشخص بود؛ از fallback استفاده شد {\"stepId\":\"scan-1758437325537#1\",\"extracted_file\":null,\"extracted_line\":null,\"fallback_file\":\"C:\\\\Users\\\\Administrator\\\\Desktop"}
[2025-09-21 11:18:45] [INFO] مکان خطا استخراج شد {"stepId":"scan-1758440925537#1","file":"-","line":"-","took":"2ms"}
[2025-09-21 11:18:48] [INFO] AI تحلیل شد {"stepId":"scan-1758440925537#1","tokens_in":2426,"tokens_out":131,"took":"2880ms"}
[2025-09-21 11:18:48] [INFO] ذخیره rahin_error_insights انجام شد {"stepId":"scan-1758440925537#1","filePath":"C:\\Users\\Administrator\\Desktop\\Projects\\AtighgashtAI\\logs\\2025-09-21.log","lineNo":-1,"took":"3ms"}
[2025-09-21 11:18:48] [INFO] پردازش خطا پایان یافت {"stepId":"scan-1758440925537#1","took":"2890ms"}
[2025-09-21 11:18:48] [INFO] پایان اسکن خطاها {"traceId":"scan-1758440925537","scanned":222,"bundles":1,"handled":1,"sent":0,"total":"2911ms"}
[2025-09-21 11:19:26] [INFO] [2025-09-21 11:19:26] ✓ run=2025-09-21:1758440928469 sent
[2025-09-21 11:34:42] [INFO] شروع اسکن لاگ‌های اخیر {"traceId":"scan-1758441882153","minutes":70}
[2025-09-21 11:34:42] [INFO] خواندن لاگ‌ها {"found":91,"took":"10ms"}
[2025-09-21 11:34:42] [INFO] باندل‌سازی خطاها {"bundles":0,"took":"0ms"}
[2025-09-21 11:34:42] [INFO] پایان اسکن خطاها {"traceId":"scan-1758441882153","scanned":91,"bundles":0,"handled":0,"sent":0,"total":"35ms"}
[2025-09-21 11:34:42] [INFO] [2025-09-21 11:34:42] skipped: no significant change
[2025-09-21 11:36:17] [INFO] شروع اسکن لاگ‌های اخیر {"traceId":"scan-1758441977815","minutes":70}
[2025-09-21 11:36:17] [INFO] خواندن لاگ‌ها {"found":82,"took":"12ms"}
[2025-09-21 11:36:17] [INFO] باندل‌سازی خطاها {"bundles":0,"took":"0ms"}
[2025-09-21 11:36:17] [INFO] پایان اسکن خطاها {"traceId":"scan-1758441977815","scanned":82,"bundles":0,"handled":0,"sent":0,"total":"42ms"}
[2025-09-21 11:36:17] [INFO] [2025-09-21 11:36:17] skipped: no significant change
[2025-09-21 12:26:39] [INFO] شروع اسکن لاگ‌های اخیر {"traceId":"scan-1758444999646","minutes":70}
[2025-09-21 12:26:39] [INFO] خواندن لاگ‌ها {"found":153,"took":"13ms"}
[2025-09-21 12:26:39] [INFO] باندل‌سازی خطاها {"bundles":0,"took":"0ms"}
[2025-09-21 12:26:39] [INFO] پایان اسکن خطاها {"traceId":"scan-1758444999646","scanned":153,"bundles":0,"handled":0,"sent":0,"total":"39ms"}
[2025-09-21 12:27:30] [INFO] [2025-09-21 12:27:30] ✓ run=2025-09-21:1758444999718 sent
[2025-09-21 13:27:30] [INFO] شروع اسکن لاگ‌های اخیر {"traceId":"scan-1758448650090","minutes":70}
[2025-09-21 13:27:30] [INFO] خواندن لاگ‌ها {"found":154,"took":"29ms"}
[2025-09-21 13:27:30] [INFO] باندل‌سازی خطاها {"bundles":0,"took":"0ms"}
[2025-09-21 13:27:30] [INFO] پایان اسکن خطاها {"traceId":"scan-1758448650090","scanned":154,"bundles":0,"handled":0,"sent":0,"total":"40ms"}
[2025-09-21 13:27:30] [INFO] [2025-09-21 13:27:30] skipped: no significant change
[2025-09-21 14:27:15] [INFO] شروع اسکن لاگ‌های اخیر {"traceId":"scan-1758452235031","minutes":70}
[2025-09-21 14:27:15] [INFO] خواندن لاگ‌ها {"found":54,"took":"30ms"}
[2025-09-21 14:27:15] [INFO] باندل‌سازی خطاها {"bundles":0,"took":"0ms"}
[2025-09-21 14:27:15] [INFO] پایان اسکن خطاها {"traceId":"scan-1758452235031","scanned":54,"bundles":0,"handled":0,"sent":0,"total":"139ms"}
[2025-09-21 14:27:15] [INFO] [2025-09-21 14:27:15] skipped: no significant change
[2025-09-21 15:27:15] [INFO] شروع اسکن لاگ‌های اخیر {"traceId":"scan-1758455835214","minutes":70}
[2025-09-21 15:27:15] [INFO] خواندن لاگ‌ها {"found":21,"took":"36ms"}
[2025-09-21 15:27:15] [INFO] باندل‌سازی خطاها {"bundles":0,"took":"1ms"}
[2025-09-21 15:27:15] [INFO] پایان اسکن خطاها {"traceId":"scan-1758455835214","scanned":21,"bundles":0,"handled":0,"sent":0,"total":"107ms"}
[2025-09-21 15:27:15] [INFO] [2025-09-21 15:27:15] skipped: no significant change
[2025-09-21 16:27:15] [INFO] شروع اسکن لاگ‌های اخیر {"traceId":"scan-1758459435205","minutes":70}
[2025-09-21 16:27:15] [INFO] خواندن لاگ‌ها {"found":16,"took":"24ms"}
[2025-09-21 16:27:15] [INFO] باندل‌سازی خطاها {"bundles":0,"took":"0ms"}
[2025-09-21 16:27:15] [INFO] پایان اسکن خطاها {"traceId":"scan-1758459435205","scanned":16,"bundles":0,"handled":0,"sent":0,"total":"31ms"}
[2025-09-21 16:27:15] [INFO] [2025-09-21 16:27:15] skipped: no significant change
[2025-09-21 17:27:15] [INFO] شروع اسکن لاگ‌های اخیر {"traceId":"scan-1758463035217","minutes":70}
[2025-09-21 17:27:15] [INFO] خواندن لاگ‌ها {"found":26,"took":"19ms"}
[2025-09-21 17:27:15] [INFO] باندل‌سازی خطاها {"bundles":0,"took":"0ms"}
[2025-09-21 17:27:15] [INFO] پایان اسکن خطاها {"traceId":"scan-1758463035217","scanned":26,"bundles":0,"handled":0,"sent":0,"total":"35ms"}
[2025-09-21 17:27:15] [INFO] [2025-09-21 17:27:15] skipped: no significant change
[2025-09-21 18:27:15] [INFO] شروع اسکن لاگ‌های اخیر {"traceId":"scan-1758466635218","minutes":70}
[2025-09-21 18:27:15] [INFO] خواندن لاگ‌ها {"found":122,"took":"29ms"}
[2025-09-21 18:27:15] [INFO] باندل‌سازی خطاها {"bundles":0,"took":"0ms"}
[2025-09-21 18:27:15] [INFO] پایان اسکن خطاها {"traceId":"scan-1758466635218","scanned":122,"bundles":0,"handled":0,"sent":0,"total":"39ms"}
[2025-09-21 18:27:15] [INFO] [2025-09-21 18:27:15] skipped: no significant change
[2025-09-21 19:27:15] [INFO] شروع اسکن لاگ‌های اخیر {"traceId":"scan-1758470235218","minutes":70}
[2025-09-21 19:27:15] [INFO] خواندن لاگ‌ها {"found":6,"took":"15ms"}
[2025-09-21 19:27:15] [INFO] باندل‌سازی خطاها {"bundles":0,"took":"0ms"}
[2025-09-21 19:27:15] [INFO] پایان اسکن خطاها {"traceId":"scan-1758470235218","scanned":6,"bundles":0,"handled":0,"sent":0,"total":"21ms"}
[2025-09-21 19:27:15] [INFO] [2025-09-21 19:27:15] skipped: no significant change
[2025-09-21 20:27:15] [INFO] شروع اسکن لاگ‌های اخیر {"traceId":"scan-1758473835219","minutes":70}
[2025-09-21 20:27:15] [INFO] خواندن لاگ‌ها {"found":6,"took":"14ms"}
[2025-09-21 20:27:15] [INFO] باندل‌سازی خطاها {"bundles":0,"took":"0ms"}
[2025-09-21 20:27:15] [INFO] پایان اسکن خطاها {"traceId":"scan-1758473835219","scanned":6,"bundles":0,"handled":0,"sent":0,"total":"20ms"}
[2025-09-21 20:28:02] [INFO] [2025-09-21 20:28:02] ✓ run=2025-09-21:1758473835321 sent
[2025-09-21 21:27:15] [INFO] شروع اسکن لاگ‌های اخیر {"traceId":"scan-1758477435220","minutes":70}
[2025-09-21 21:27:15] [INFO] خواندن لاگ‌ها {"found":16,"took":"32ms"}
[2025-09-21 21:27:15] [INFO] باندل‌سازی خطاها {"bundles":0,"took":"0ms"}
[2025-09-21 21:27:15] [INFO] پایان اسکن خطاها {"traceId":"scan-1758477435220","scanned":16,"bundles":0,"handled":0,"sent":0,"total":"41ms"}
[2025-09-21 21:27:15] [INFO] [2025-09-21 21:27:15] skipped: no significant change
[2025-09-21 22:27:15] [INFO] شروع اسکن لاگ‌های اخیر {"traceId":"scan-1758481035221","minutes":70}
[2025-09-21 22:27:15] [INFO] خواندن لاگ‌ها {"found":6,"took":"17ms"}
[2025-09-21 22:27:15] [INFO] باندل‌سازی خطاها {"bundles":0,"took":"0ms"}
[2025-09-21 22:27:15] [INFO] پایان اسکن خطاها {"traceId":"scan-1758481035221","scanned":6,"bundles":0,"handled":0,"sent":0,"total":"21ms"}
[2025-09-21 22:27:15] [INFO] [2025-09-21 22:27:15] skipped: no significant change
[2025-09-21 23:27:15] [INFO] شروع اسکن لاگ‌های اخیر {"traceId":"scan-1758484635237","minutes":70}
[2025-09-21 23:27:15] [INFO] خواندن لاگ‌ها {"found":28,"took":"55ms"}
[2025-09-21 23:27:15] [INFO] باندل‌سازی خطاها {"bundles":0,"took":"0ms"}
[2025-09-21 23:27:15] [INFO] پایان اسکن خطاها {"traceId":"scan-1758484635237","scanned":28,"bundles":0,"handled":0,"sent":0,"total":"73ms"}
[2025-09-21 23:27:15] [INFO] [2025-09-21 23:27:15] skipped: no significant change
[2025-09-22 00:27:15] [INFO] شروع اسکن لاگ‌های اخیر {"traceId":"scan-1758488235237","minutes":70}
[2025-09-22 00:27:15] [INFO] خواندن لاگ‌ها {"found":5,"took":"14ms"}
[2025-09-22 00:27:15] [INFO] باندل‌سازی خطاها {"bundles":0,"took":"0ms"}
[2025-09-22 00:27:15] [INFO] پایان اسکن خطاها {"traceId":"scan-1758488235237","scanned":5,"bundles":0,"handled":0,"sent":0,"total":"18ms"}
[2025-09-22 00:28:02] [INFO] [2025-09-22 00:28:02] ✓ run=2025-09-22:1758488235317 sent
[2025-09-22 01:27:15] [INFO] شروع اسکن لاگ‌های اخیر {"traceId":"scan-1758491835238","minutes":70}
[2025-09-22 01:27:15] [INFO] خواندن لاگ‌ها {"found":0,"took":"20ms"}
[2025-09-22 01:27:15] [INFO] هیچ خطی در بازه یافت نشد. پایان. {"traceId":"scan-1758491835238"}
[2025-09-22 01:27:58] [INFO] [2025-09-22 01:27:58] ✓ run=2025-09-22:1758491835333 sent
[2025-09-22 02:27:15] [INFO] شروع اسکن لاگ‌های اخیر {"traceId":"scan-1758495435238","minutes":70}
[2025-09-22 02:27:15] [INFO] خواندن لاگ‌ها {"found":0,"took":"20ms"}
[2025-09-22 02:27:15] [INFO] هیچ خطی در بازه یافت نشد. پایان. {"traceId":"scan-1758495435238"}
[2025-09-22 02:27:15] [INFO] [2025-09-22 02:27:15] skipped: no significant change
[2025-09-22 03:27:15] [INFO] شروع اسکن لاگ‌های اخیر {"traceId":"scan-1758499035238","minutes":70}
[2025-09-22 03:27:15] [INFO] خواندن لاگ‌ها {"found":0,"took":"20ms"}
[2025-09-22 03:27:15] [INFO] هیچ خطی در بازه یافت نشد. پایان. {"traceId":"scan-1758499035238"}
[2025-09-22 03:27:15] [INFO] [2025-09-22 03:27:15] skipped: no significant change
[2025-09-22 04:27:15] [INFO] شروع اسکن لاگ‌های اخیر {"traceId":"scan-1758502635238","minutes":70}
[2025-09-22 04:27:15] [INFO] خواندن لاگ‌ها {"found":5,"took":"12ms"}
[2025-09-22 04:27:15] [INFO] باندل‌سازی خطاها {"bundles":0,"took":"0ms"}
[2025-09-22 04:27:15] [INFO] پایان اسکن خطاها {"traceId":"scan-1758502635238","scanned":5,"bundles":0,"handled":0,"sent":0,"total":"22ms"}
[2025-09-22 04:27:15] [INFO] [2025-09-22 04:27:15] skipped: no significant change
[2025-09-22 05:27:15] [INFO] شروع اسکن لاگ‌های اخیر {"traceId":"scan-1758506235240","minutes":70}
[2025-09-22 05:27:15] [INFO] خواندن لاگ‌ها {"found":6,"took":"9ms"}
[2025-09-22 05:27:15] [INFO] باندل‌سازی خطاها {"bundles":0,"took":"0ms"}
[2025-09-22 05:27:15] [INFO] پایان اسکن خطاها {"traceId":"scan-1758506235240","scanned":6,"bundles":0,"handled":0,"sent":0,"total":"17ms"}
[2025-09-22 05:27:15] [INFO] [2025-09-22 05:27:15] skipped: no significant change
[2025-09-22 06:27:15] [INFO] شروع اسکن لاگ‌های اخیر {"traceId":"scan-1758509835239","minutes":70}
[2025-09-22 06:27:15] [INFO] خواندن لاگ‌ها {"found":6,"took":"5ms"}
[2025-09-22 06:27:15] [INFO] باندل‌سازی خطاها {"bundles":0,"took":"0ms"}
[2025-09-22 06:27:15] [INFO] پایان اسکن خطاها {"traceId":"scan-1758509835239","scanned":6,"bundles":0,"handled":0,"sent":0,"total":"10ms"}
[2025-09-22 06:27:15] [INFO] [2025-09-22 06:27:15] skipped: no significant change
[2025-09-22 07:27:15] [INFO] شروع اسکن لاگ‌های اخیر {"traceId":"scan-1758513435240","minutes":70}
[2025-09-22 07:27:15] [INFO] خواندن لاگ‌ها {"found":6,"took":"8ms"}
[2025-09-22 07:27:15] [INFO] باندل‌سازی خطاها {"bundles":0,"took":"0ms"}
[2025-09-22 07:27:15] [INFO] پایان اسکن خطاها {"traceId":"scan-1758513435240","scanned":6,"bundles":0,"handled":0,"sent":0,"total":"19ms"}
[2025-09-22 07:27:15] [INFO] [2025-09-22 07:27:15] skipped: no significant change
[2025-09-22 08:27:15] [INFO] شروع اسکن لاگ‌های اخیر {"traceId":"scan-1758517035241","minutes":70}
[2025-09-22 08:27:15] [INFO] خواندن لاگ‌ها {"found":6,"took":"6ms"}
[2025-09-22 08:27:15] [INFO] باندل‌سازی خطاها {"bundles":0,"took":"0ms"}
[2025-09-22 08:27:15] [INFO] پایان اسکن خطاها {"traceId":"scan-1758517035241","scanned":6,"bundles":0,"handled":0,"sent":0,"total":"10ms"}
[2025-09-22 08:27:15] [INFO] [2025-09-22 08:27:15] skipped: no significant change
[2025-09-22 09:27:15] [INFO] شروع اسکن لاگ‌های اخیر {"traceId":"scan-1758520635241","minutes":70}
[2025-09-22 09:27:15] [INFO] خواندن لاگ‌ها {"found":19,"took":"6ms"}
[2025-09-22 09:27:15] [INFO] باندل‌سازی خطاها {"bundles":0,"took":"0ms"}
[2025-09-22 09:27:15] [INFO] پایان اسکن خطاها {"traceId":"scan-1758520635241","scanned":19,"bundles":0,"handled":0,"sent":0,"total":"12ms"}
[2025-09-22 09:27:59] [INFO] [2025-09-22 09:27:59] ✓ run=2025-09-22:1758520635318 sent
[2025-09-22 10:27:15] [INFO] شروع اسکن لاگ‌های اخیر {"traceId":"scan-1758524235242","minutes":70}
[2025-09-22 10:27:15] [INFO] خواندن لاگ‌ها {"found":73,"took":"7ms"}
[2025-09-22 10:27:15] [INFO] باندل‌سازی خطاها {"bundles":0,"took":"0ms"}
[2025-09-22 10:27:15] [INFO] پایان اسکن خطاها {"traceId":"scan-1758524235242","scanned":73,"bundles":0,"handled":0,"sent":0,"total":"14ms"}
[2025-09-22 10:27:15] [INFO] [2025-09-22 10:27:15] skipped: no significant change
[2025-09-22 11:27:15] [INFO] شروع اسکن لاگ‌های اخیر {"traceId":"scan-1758527835243","minutes":70}
[2025-09-22 11:27:15] [INFO] خواندن لاگ‌ها {"found":211,"took":"14ms"}
[2025-09-22 11:27:15] [INFO] باندل‌سازی خطاها {"bundles":0,"took":"1ms"}
[2025-09-22 11:27:15] [INFO] پایان اسکن خطاها {"traceId":"scan-1758527835243","scanned":211,"bundles":0,"handled":0,"sent":0,"total":"22ms"}
[2025-09-22 11:28:16] [INFO] [2025-09-22 11:28:16] ✓ run=2025-09-22:1758527835314 sent
[2025-09-22 12:27:15] [INFO] شروع اسکن لاگ‌های اخیر {"traceId":"scan-1758531435248","minutes":70}
[2025-09-22 12:27:15] [INFO] خواندن لاگ‌ها {"found":128,"took":"26ms"}
[2025-09-22 12:27:15] [INFO] باندل‌سازی خطاها {"bundles":0,"took":"0ms"}
[2025-09-22 12:27:15] [INFO] پایان اسکن خطاها {"traceId":"scan-1758531435248","scanned":128,"bundles":0,"handled":0,"sent":0,"total":"193ms"}
[2025-09-22 12:27:15] [INFO] [2025-09-22 12:27:15] skipped: no significant change
[2025-09-22 13:27:15] [INFO] شروع اسکن لاگ‌های اخیر {"traceId":"scan-1758535035246","minutes":70}
[2025-09-22 13:27:15] [INFO] خواندن لاگ‌ها {"found":83,"took":"19ms"}
[2025-09-22 13:27:15] [INFO] باندل‌سازی خطاها {"bundles":0,"took":"0ms"}
[2025-09-22 13:27:15] [INFO] پایان اسکن خطاها {"traceId":"scan-1758535035246","scanned":83,"bundles":0,"handled":0,"sent":0,"total":"25ms"}
[2025-09-22 13:27:15] [INFO] [2025-09-22 13:27:15] skipped: no significant change
[2025-09-22 14:27:15] [INFO] شروع اسکن لاگ‌های اخیر {"traceId":"scan-1758538635246","minutes":70}
[2025-09-22 14:27:15] [INFO] خواندن لاگ‌ها {"found":67,"took":"11ms"}
[2025-09-22 14:27:15] [INFO] باندل‌سازی خطاها {"bundles":0,"took":"0ms"}
[2025-09-22 14:27:15] [INFO] پایان اسکن خطاها {"traceId":"scan-1758538635246","scanned":67,"bundles":0,"handled":0,"sent":0,"total":"17ms"}
[2025-09-22 14:28:03] [INFO] [2025-09-22 14:28:03] ✓ run=2025-09-22:1758538635354 sent
[2025-09-22 15:27:15] [INFO] شروع اسکن لاگ‌های اخیر {"traceId":"scan-1758542235247","minutes":70}
[2025-09-22 15:27:15] [INFO] خواندن لاگ‌ها {"found":46,"took":"17ms"}
[2025-09-22 15:27:15] [INFO] باندل‌سازی خطاها {"bundles":0,"took":"0ms"}
[2025-09-22 15:27:15] [INFO] پایان اسکن خطاها {"traceId":"scan-1758542235247","scanned":46,"bundles":0,"handled":0,"sent":0,"total":"24ms"}
[2025-09-22 15:27:15] [INFO] [2025-09-22 15:27:15] skipped: no significant change
[2025-09-22 16:27:15] [INFO] شروع اسکن لاگ‌های اخیر {"traceId":"scan-1758545835248","minutes":70}
[2025-09-22 16:27:15] [INFO] خواندن لاگ‌ها {"found":70,"took":"26ms"}
[2025-09-22 16:27:15] [INFO] باندل‌سازی خطاها {"bundles":0,"took":"0ms"}
[2025-09-22 16:27:15] [INFO] پایان اسکن خطاها {"traceId":"scan-1758545835248","scanned":70,"bundles":0,"handled":0,"sent":0,"total":"36ms"}
[2025-09-22 16:28:37] [INFO] [2025-09-22 16:28:37] ✓ run=2025-09-22:1758545835366 sent
